Classic Timing Analyzer report for EA4163
Wed Oct 28 10:23:07 2020
Quartus II Version 9.0 Build 235 06/17/2009 Service Pack 2 SJ Web Edition


---------------------
; Table of Contents ;
---------------------
  1. Legal Notice
  2. Timing Analyzer Summary
  3. Timing Analyzer Settings
  4. Clock Settings Summary
  5. Parallel Compilation
  6. tsu
  7. tco
  8. tpd
  9. th
 10. Timing Analyzer Messages



----------------
; Legal Notice ;
----------------
Copyright (C) 1991-2009 Altera Corporation
Your use of Altera Corporation's design tools, logic functions 
and other software and tools, and its AMPP partner logic 
functions, and any output files from any of the foregoing 
(including device programming or simulation files), and any 
associated documentation or information are expressly subject 
to the terms and conditions of the Altera Program License 
Subscription Agreement, Altera MegaCore Function License 
Agreement, or other applicable license agreement, including, 
without limitation, that your use is for the sole purpose of 
programming logic devices manufactured by Altera and sold by 
Altera or its authorized distributors.  Please refer to the 
applicable agreement for further details.



+--------------------------------------------------------------------------------------------------------------------------------------------------------+
; Timing Analyzer Summary                                                                                                                                ;
+------------------------------+-------+---------------+-------------+--------------------------+-----------+------------+----------------+--------------+
; Type                         ; Slack ; Required Time ; Actual Time ; From                     ; To        ; From Clock ; To Clock       ; Failed Paths ;
+------------------------------+-------+---------------+-------------+--------------------------+-----------+------------+----------------+--------------+
; Worst-case tsu               ; N/A   ; None          ; 6.800 ns    ; I_VME_DS0                ; R_ADDR[5] ; --         ; I_VME_SYSRESET ; 0            ;
; Worst-case tco               ; N/A   ; None          ; 7.900 ns    ; vmectrl:vmectrl|DOUT[15] ; VME_D[15] ; I_CLK_32M  ; --             ; 0            ;
; Worst-case tpd               ; N/A   ; None          ; 11.200 ns   ; I_VME_WR                 ; VME_D[15] ; --         ; --             ; 0            ;
; Worst-case th                ; N/A   ; None          ; -0.800 ns   ; I_VME_A[2]               ; R_ADDR[2] ; --         ; I_VME_SYSRESET ; 0            ;
; Total number of failed paths ;       ;               ;             ;                          ;           ;            ;                ; 0            ;
+------------------------------+-------+---------------+-------------+--------------------------+-----------+------------+----------------+--------------+


+--------------------------------------------------------------------------------------------------------------------+
; Timing Analyzer Settings                                                                                           ;
+---------------------------------------------------------------------+--------------------+------+----+-------------+
; Option                                                              ; Setting            ; From ; To ; Entity Name ;
+---------------------------------------------------------------------+--------------------+------+----+-------------+
; Device Name                                                         ; EPF10K200SRC240-1  ;      ;    ;             ;
; Timing Models                                                       ; Final              ;      ;    ;             ;
; Default hold multicycle                                             ; Same as Multicycle ;      ;    ;             ;
; Cut paths between unrelated clock domains                           ; On                 ;      ;    ;             ;
; Cut off read during write signal paths                              ; On                 ;      ;    ;             ;
; Cut off feedback from I/O pins                                      ; On                 ;      ;    ;             ;
; Report Combined Fast/Slow Timing                                    ; Off                ;      ;    ;             ;
; Ignore Clock Settings                                               ; Off                ;      ;    ;             ;
; Analyze latches as synchronous elements                             ; On                 ;      ;    ;             ;
; Enable Recovery/Removal analysis                                    ; Off                ;      ;    ;             ;
; Enable Clock Latency                                                ; Off                ;      ;    ;             ;
; Use TimeQuest Timing Analyzer                                       ; Off                ;      ;    ;             ;
; Minimum Core Junction Temperature                                   ; 0                  ;      ;    ;             ;
; Maximum Core Junction Temperature                                   ; 85                 ;      ;    ;             ;
; Number of source nodes to report per destination node               ; 10                 ;      ;    ;             ;
; Number of destination nodes to report                               ; 10                 ;      ;    ;             ;
; Number of paths to report                                           ; 200                ;      ;    ;             ;
; Report Minimum Timing Checks                                        ; Off                ;      ;    ;             ;
; Use Fast Timing Models                                              ; Off                ;      ;    ;             ;
; Report IO Paths Separately                                          ; Off                ;      ;    ;             ;
; Perform Multicorner Analysis                                        ; Off                ;      ;    ;             ;
; Reports the worst-case path for each clock domain and analysis      ; Off                ;      ;    ;             ;
; Removes common clock path pessimism (CCPP) during slack computation ; Off                ;      ;    ;             ;
; Output I/O Timing Endpoint                                          ; Near End           ;      ;    ;             ;
+---------------------------------------------------------------------+--------------------+------+----+-------------+


+------------------------------------------------------------------------------------------------------------------------------------------------------------------------------------+
; Clock Settings Summary                                                                                                                                                             ;
+-----------------+--------------------+----------+------------------+---------------+--------------+----------+-----------------------+---------------------+--------+--------------+
; Clock Node Name ; Clock Setting Name ; Type     ; Fmax Requirement ; Early Latency ; Late Latency ; Based on ; Multiply Base Fmax by ; Divide Base Fmax by ; Offset ; Phase offset ;
+-----------------+--------------------+----------+------------------+---------------+--------------+----------+-----------------------+---------------------+--------+--------------+
; I_CLK_32M       ;                    ; User Pin ; None             ; 0.000 ns      ; 0.000 ns     ; --       ; N/A                   ; N/A                 ; N/A    ;              ;
; I_VME_SYSRESET  ;                    ; User Pin ; None             ; 0.000 ns      ; 0.000 ns     ; --       ; N/A                   ; N/A                 ; N/A    ;              ;
+-----------------+--------------------+----------+------------------+---------------+--------------+----------+-----------------------+---------------------+--------+--------------+


Parallel compilation was disabled, but you have multiple processors available. Enable parallel compilation to reduce compilation time.
+-------------------------------------+
; Parallel Compilation                ;
+----------------------------+--------+
; Processors                 ; Number ;
+----------------------------+--------+
; Number detected on machine ; 2      ;
; Maximum allowed            ; 1      ;
+----------------------------+--------+


+-------------------------------------------------------------------------------+
; tsu                                                                           ;
+-------+--------------+------------+-------------+------------+----------------+
; Slack ; Required tsu ; Actual tsu ; From        ; To         ; To Clock       ;
+-------+--------------+------------+-------------+------------+----------------+
; N/A   ; None         ; 6.800 ns   ; I_VME_DS0   ; R_ADDR[2]  ; I_VME_SYSRESET ;
; N/A   ; None         ; 6.800 ns   ; I_VME_DS0   ; R_ADDR[15] ; I_VME_SYSRESET ;
; N/A   ; None         ; 6.800 ns   ; I_VME_DS0   ; R_ADDR[0]  ; I_VME_SYSRESET ;
; N/A   ; None         ; 6.800 ns   ; I_VME_DS0   ; R_ADDR[5]  ; I_VME_SYSRESET ;
; N/A   ; None         ; 6.700 ns   ; I_VME_DS0   ; R_ADDR[7]  ; I_VME_SYSRESET ;
; N/A   ; None         ; 6.700 ns   ; I_VME_DS0   ; R_ADDR[6]  ; I_VME_SYSRESET ;
; N/A   ; None         ; 6.700 ns   ; I_VME_DS0   ; R_ADDR[8]  ; I_VME_SYSRESET ;
; N/A   ; None         ; 6.700 ns   ; I_VME_DS0   ; R_ADDR[1]  ; I_VME_SYSRESET ;
; N/A   ; None         ; 6.700 ns   ; I_VME_DS0   ; R_ADDR[3]  ; I_VME_SYSRESET ;
; N/A   ; None         ; 6.700 ns   ; I_VME_DS0   ; R_ADDR[4]  ; I_VME_SYSRESET ;
; N/A   ; None         ; 6.600 ns   ; I_VME_DS0   ; R_ADDR[13] ; I_VME_SYSRESET ;
; N/A   ; None         ; 6.600 ns   ; I_VME_DS0   ; R_ADDR[14] ; I_VME_SYSRESET ;
; N/A   ; None         ; 6.600 ns   ; I_VME_DS0   ; R_ADDR[10] ; I_VME_SYSRESET ;
; N/A   ; None         ; 6.600 ns   ; I_VME_DS0   ; R_ADDR[11] ; I_VME_SYSRESET ;
; N/A   ; None         ; 6.600 ns   ; I_VME_DS0   ; R_ADDR[12] ; I_VME_SYSRESET ;
; N/A   ; None         ; 6.600 ns   ; I_VME_DS0   ; R_ADDR[9]  ; I_VME_SYSRESET ;
; N/A   ; None         ; 5.100 ns   ; I_VME_DS1   ; R_ADDR[2]  ; I_VME_SYSRESET ;
; N/A   ; None         ; 5.100 ns   ; I_VME_DS1   ; R_ADDR[15] ; I_VME_SYSRESET ;
; N/A   ; None         ; 5.100 ns   ; I_VME_DS1   ; R_ADDR[0]  ; I_VME_SYSRESET ;
; N/A   ; None         ; 5.100 ns   ; I_VME_DS1   ; R_ADDR[5]  ; I_VME_SYSRESET ;
; N/A   ; None         ; 5.100 ns   ; I_VME_AS    ; R_ADDR[2]  ; I_VME_SYSRESET ;
; N/A   ; None         ; 5.100 ns   ; I_VME_AS    ; R_ADDR[15] ; I_VME_SYSRESET ;
; N/A   ; None         ; 5.100 ns   ; I_VME_AS    ; R_ADDR[0]  ; I_VME_SYSRESET ;
; N/A   ; None         ; 5.100 ns   ; I_VME_AS    ; R_ADDR[5]  ; I_VME_SYSRESET ;
; N/A   ; None         ; 5.000 ns   ; I_VME_DS1   ; R_ADDR[7]  ; I_VME_SYSRESET ;
; N/A   ; None         ; 5.000 ns   ; I_VME_DS1   ; R_ADDR[6]  ; I_VME_SYSRESET ;
; N/A   ; None         ; 5.000 ns   ; I_VME_DS1   ; R_ADDR[8]  ; I_VME_SYSRESET ;
; N/A   ; None         ; 5.000 ns   ; I_VME_DS1   ; R_ADDR[1]  ; I_VME_SYSRESET ;
; N/A   ; None         ; 5.000 ns   ; I_VME_DS1   ; R_ADDR[3]  ; I_VME_SYSRESET ;
; N/A   ; None         ; 5.000 ns   ; I_VME_DS1   ; R_ADDR[4]  ; I_VME_SYSRESET ;
; N/A   ; None         ; 5.000 ns   ; I_VME_AS    ; R_ADDR[7]  ; I_VME_SYSRESET ;
; N/A   ; None         ; 5.000 ns   ; I_VME_AS    ; R_ADDR[6]  ; I_VME_SYSRESET ;
; N/A   ; None         ; 5.000 ns   ; I_VME_AS    ; R_ADDR[8]  ; I_VME_SYSRESET ;
; N/A   ; None         ; 5.000 ns   ; I_VME_AS    ; R_ADDR[1]  ; I_VME_SYSRESET ;
; N/A   ; None         ; 5.000 ns   ; I_VME_AS    ; R_ADDR[3]  ; I_VME_SYSRESET ;
; N/A   ; None         ; 5.000 ns   ; I_VME_AS    ; R_ADDR[4]  ; I_VME_SYSRESET ;
; N/A   ; None         ; 4.900 ns   ; I_VME_DS1   ; R_ADDR[13] ; I_VME_SYSRESET ;
; N/A   ; None         ; 4.900 ns   ; I_VME_DS1   ; R_ADDR[14] ; I_VME_SYSRESET ;
; N/A   ; None         ; 4.900 ns   ; I_VME_DS1   ; R_ADDR[10] ; I_VME_SYSRESET ;
; N/A   ; None         ; 4.900 ns   ; I_VME_DS1   ; R_ADDR[11] ; I_VME_SYSRESET ;
; N/A   ; None         ; 4.900 ns   ; I_VME_DS1   ; R_ADDR[12] ; I_VME_SYSRESET ;
; N/A   ; None         ; 4.900 ns   ; I_VME_DS1   ; R_ADDR[9]  ; I_VME_SYSRESET ;
; N/A   ; None         ; 4.900 ns   ; I_VME_AS    ; R_ADDR[13] ; I_VME_SYSRESET ;
; N/A   ; None         ; 4.900 ns   ; I_VME_AS    ; R_ADDR[14] ; I_VME_SYSRESET ;
; N/A   ; None         ; 4.900 ns   ; I_VME_AS    ; R_ADDR[10] ; I_VME_SYSRESET ;
; N/A   ; None         ; 4.900 ns   ; I_VME_AS    ; R_ADDR[11] ; I_VME_SYSRESET ;
; N/A   ; None         ; 4.900 ns   ; I_VME_AS    ; R_ADDR[12] ; I_VME_SYSRESET ;
; N/A   ; None         ; 4.900 ns   ; I_VME_AS    ; R_ADDR[9]  ; I_VME_SYSRESET ;
; N/A   ; None         ; 4.400 ns   ; I_VME_A[15] ; R_ADDR[15] ; I_VME_SYSRESET ;
; N/A   ; None         ; 4.100 ns   ; I_VME_A[6]  ; R_ADDR[6]  ; I_VME_SYSRESET ;
; N/A   ; None         ; 4.100 ns   ; I_VME_A[9]  ; R_ADDR[9]  ; I_VME_SYSRESET ;
; N/A   ; None         ; 3.800 ns   ; I_VME_A[8]  ; R_ADDR[8]  ; I_VME_SYSRESET ;
; N/A   ; None         ; 3.800 ns   ; I_VME_A[14] ; R_ADDR[14] ; I_VME_SYSRESET ;
; N/A   ; None         ; 3.700 ns   ; I_VME_A[7]  ; R_ADDR[7]  ; I_VME_SYSRESET ;
; N/A   ; None         ; 3.700 ns   ; I_VME_A[12] ; R_ADDR[12] ; I_VME_SYSRESET ;
; N/A   ; None         ; 3.600 ns   ; I_VME_LWORD ; R_ADDR[0]  ; I_VME_SYSRESET ;
; N/A   ; None         ; 3.400 ns   ; I_VME_A[4]  ; R_ADDR[4]  ; I_VME_SYSRESET ;
; N/A   ; None         ; 3.300 ns   ; I_VME_A[5]  ; R_ADDR[5]  ; I_VME_SYSRESET ;
; N/A   ; None         ; 3.200 ns   ; I_VME_A[3]  ; R_ADDR[3]  ; I_VME_SYSRESET ;
; N/A   ; None         ; 3.100 ns   ; I_VME_A[1]  ; R_ADDR[1]  ; I_VME_SYSRESET ;
; N/A   ; None         ; 3.100 ns   ; I_VME_A[10] ; R_ADDR[10] ; I_VME_SYSRESET ;
; N/A   ; None         ; 3.100 ns   ; I_VME_A[13] ; R_ADDR[13] ; I_VME_SYSRESET ;
; N/A   ; None         ; 2.500 ns   ; I_VME_A[11] ; R_ADDR[11] ; I_VME_SYSRESET ;
; N/A   ; None         ; 2.200 ns   ; I_VME_A[2]  ; R_ADDR[2]  ; I_VME_SYSRESET ;
+-------+--------------+------------+-------------+------------+----------------+


+---------------------------------------------------------------------------------------+
; tco                                                                                   ;
+-------+--------------+------------+--------------------------+-----------+------------+
; Slack ; Required tco ; Actual tco ; From                     ; To        ; From Clock ;
+-------+--------------+------------+--------------------------+-----------+------------+
; N/A   ; None         ; 7.900 ns   ; vmectrl:vmectrl|DOUT[15] ; VME_D[15] ; I_CLK_32M  ;
; N/A   ; None         ; 7.200 ns   ; vmectrl:vmectrl|DOUT[13] ; VME_D[13] ; I_CLK_32M  ;
; N/A   ; None         ; 6.400 ns   ; vmectrl:vmectrl|DOUT[11] ; VME_D[11] ; I_CLK_32M  ;
+-------+--------------+------------+--------------------------+-----------+------------+


+--------------------------------------------------------------------+
; tpd                                                                ;
+-------+-------------------+-----------------+----------+-----------+
; Slack ; Required P2P Time ; Actual P2P Time ; From     ; To        ;
+-------+-------------------+-----------------+----------+-----------+
; N/A   ; None              ; 11.200 ns       ; I_VME_WR ; VME_D[15] ;
; N/A   ; None              ; 10.400 ns       ; I_VME_WR ; VME_D[14] ;
; N/A   ; None              ; 10.300 ns       ; I_VME_WR ; VME_D[13] ;
; N/A   ; None              ; 10.000 ns       ; I_VME_WR ; VME_D[5]  ;
; N/A   ; None              ; 9.900 ns        ; I_VME_WR ; VME_D[10] ;
; N/A   ; None              ; 9.200 ns        ; I_VME_WR ; VME_D[2]  ;
; N/A   ; None              ; 8.900 ns        ; I_VME_WR ; VME_D[4]  ;
; N/A   ; None              ; 8.600 ns        ; I_VME_WR ; VME_D[11] ;
; N/A   ; None              ; 8.600 ns        ; I_VME_WR ; VME_D[7]  ;
; N/A   ; None              ; 8.100 ns        ; I_VME_WR ; VME_D[9]  ;
; N/A   ; None              ; 8.100 ns        ; I_VME_WR ; VME_D[6]  ;
; N/A   ; None              ; 8.000 ns        ; I_VME_WR ; VME_D[3]  ;
; N/A   ; None              ; 8.000 ns        ; I_VME_WR ; VME_D[1]  ;
; N/A   ; None              ; 7.900 ns        ; I_VME_WR ; VME_D[12] ;
; N/A   ; None              ; 7.800 ns        ; I_VME_WR ; VME_D[8]  ;
; N/A   ; None              ; 7.800 ns        ; I_VME_WR ; VME_D[0]  ;
+-------+-------------------+-----------------+----------+-----------+


+-------------------------------------------------------------------------------------+
; th                                                                                  ;
+---------------+-------------+-----------+-------------+------------+----------------+
; Minimum Slack ; Required th ; Actual th ; From        ; To         ; To Clock       ;
+---------------+-------------+-----------+-------------+------------+----------------+
; N/A           ; None        ; -0.800 ns ; I_VME_A[2]  ; R_ADDR[2]  ; I_VME_SYSRESET ;
; N/A           ; None        ; -1.100 ns ; I_VME_A[11] ; R_ADDR[11] ; I_VME_SYSRESET ;
; N/A           ; None        ; -1.700 ns ; I_VME_A[1]  ; R_ADDR[1]  ; I_VME_SYSRESET ;
; N/A           ; None        ; -1.700 ns ; I_VME_A[10] ; R_ADDR[10] ; I_VME_SYSRESET ;
; N/A           ; None        ; -1.700 ns ; I_VME_A[13] ; R_ADDR[13] ; I_VME_SYSRESET ;
; N/A           ; None        ; -1.800 ns ; I_VME_A[3]  ; R_ADDR[3]  ; I_VME_SYSRESET ;
; N/A           ; None        ; -1.900 ns ; I_VME_A[5]  ; R_ADDR[5]  ; I_VME_SYSRESET ;
; N/A           ; None        ; -2.000 ns ; I_VME_A[4]  ; R_ADDR[4]  ; I_VME_SYSRESET ;
; N/A           ; None        ; -2.200 ns ; I_VME_LWORD ; R_ADDR[0]  ; I_VME_SYSRESET ;
; N/A           ; None        ; -2.300 ns ; I_VME_A[7]  ; R_ADDR[7]  ; I_VME_SYSRESET ;
; N/A           ; None        ; -2.300 ns ; I_VME_A[12] ; R_ADDR[12] ; I_VME_SYSRESET ;
; N/A           ; None        ; -2.400 ns ; I_VME_A[8]  ; R_ADDR[8]  ; I_VME_SYSRESET ;
; N/A           ; None        ; -2.400 ns ; I_VME_A[14] ; R_ADDR[14] ; I_VME_SYSRESET ;
; N/A           ; None        ; -2.700 ns ; I_VME_A[6]  ; R_ADDR[6]  ; I_VME_SYSRESET ;
; N/A           ; None        ; -2.700 ns ; I_VME_A[9]  ; R_ADDR[9]  ; I_VME_SYSRESET ;
; N/A           ; None        ; -3.000 ns ; I_VME_A[15] ; R_ADDR[15] ; I_VME_SYSRESET ;
; N/A           ; None        ; -3.500 ns ; I_VME_DS1   ; R_ADDR[13] ; I_VME_SYSRESET ;
; N/A           ; None        ; -3.500 ns ; I_VME_DS1   ; R_ADDR[14] ; I_VME_SYSRESET ;
; N/A           ; None        ; -3.500 ns ; I_VME_DS1   ; R_ADDR[10] ; I_VME_SYSRESET ;
; N/A           ; None        ; -3.500 ns ; I_VME_DS1   ; R_ADDR[11] ; I_VME_SYSRESET ;
; N/A           ; None        ; -3.500 ns ; I_VME_DS1   ; R_ADDR[12] ; I_VME_SYSRESET ;
; N/A           ; None        ; -3.500 ns ; I_VME_DS1   ; R_ADDR[9]  ; I_VME_SYSRESET ;
; N/A           ; None        ; -3.500 ns ; I_VME_AS    ; R_ADDR[13] ; I_VME_SYSRESET ;
; N/A           ; None        ; -3.500 ns ; I_VME_AS    ; R_ADDR[14] ; I_VME_SYSRESET ;
; N/A           ; None        ; -3.500 ns ; I_VME_AS    ; R_ADDR[10] ; I_VME_SYSRESET ;
; N/A           ; None        ; -3.500 ns ; I_VME_AS    ; R_ADDR[11] ; I_VME_SYSRESET ;
; N/A           ; None        ; -3.500 ns ; I_VME_AS    ; R_ADDR[12] ; I_VME_SYSRESET ;
; N/A           ; None        ; -3.500 ns ; I_VME_AS    ; R_ADDR[9]  ; I_VME_SYSRESET ;
; N/A           ; None        ; -3.600 ns ; I_VME_DS1   ; R_ADDR[7]  ; I_VME_SYSRESET ;
; N/A           ; None        ; -3.600 ns ; I_VME_DS1   ; R_ADDR[6]  ; I_VME_SYSRESET ;
; N/A           ; None        ; -3.600 ns ; I_VME_DS1   ; R_ADDR[8]  ; I_VME_SYSRESET ;
; N/A           ; None        ; -3.600 ns ; I_VME_DS1   ; R_ADDR[1]  ; I_VME_SYSRESET ;
; N/A           ; None        ; -3.600 ns ; I_VME_DS1   ; R_ADDR[3]  ; I_VME_SYSRESET ;
; N/A           ; None        ; -3.600 ns ; I_VME_DS1   ; R_ADDR[4]  ; I_VME_SYSRESET ;
; N/A           ; None        ; -3.600 ns ; I_VME_AS    ; R_ADDR[7]  ; I_VME_SYSRESET ;
; N/A           ; None        ; -3.600 ns ; I_VME_AS    ; R_ADDR[6]  ; I_VME_SYSRESET ;
; N/A           ; None        ; -3.600 ns ; I_VME_AS    ; R_ADDR[8]  ; I_VME_SYSRESET ;
; N/A           ; None        ; -3.600 ns ; I_VME_AS    ; R_ADDR[1]  ; I_VME_SYSRESET ;
; N/A           ; None        ; -3.600 ns ; I_VME_AS    ; R_ADDR[3]  ; I_VME_SYSRESET ;
; N/A           ; None        ; -3.600 ns ; I_VME_AS    ; R_ADDR[4]  ; I_VME_SYSRESET ;
; N/A           ; None        ; -3.700 ns ; I_VME_DS1   ; R_ADDR[2]  ; I_VME_SYSRESET ;
; N/A           ; None        ; -3.700 ns ; I_VME_DS1   ; R_ADDR[15] ; I_VME_SYSRESET ;
; N/A           ; None        ; -3.700 ns ; I_VME_DS1   ; R_ADDR[0]  ; I_VME_SYSRESET ;
; N/A           ; None        ; -3.700 ns ; I_VME_DS1   ; R_ADDR[5]  ; I_VME_SYSRESET ;
; N/A           ; None        ; -3.700 ns ; I_VME_AS    ; R_ADDR[2]  ; I_VME_SYSRESET ;
; N/A           ; None        ; -3.700 ns ; I_VME_AS    ; R_ADDR[15] ; I_VME_SYSRESET ;
; N/A           ; None        ; -3.700 ns ; I_VME_AS    ; R_ADDR[0]  ; I_VME_SYSRESET ;
; N/A           ; None        ; -3.700 ns ; I_VME_AS    ; R_ADDR[5]  ; I_VME_SYSRESET ;
; N/A           ; None        ; -5.200 ns ; I_VME_DS0   ; R_ADDR[13] ; I_VME_SYSRESET ;
; N/A           ; None        ; -5.200 ns ; I_VME_DS0   ; R_ADDR[14] ; I_VME_SYSRESET ;
; N/A           ; None        ; -5.200 ns ; I_VME_DS0   ; R_ADDR[10] ; I_VME_SYSRESET ;
; N/A           ; None        ; -5.200 ns ; I_VME_DS0   ; R_ADDR[11] ; I_VME_SYSRESET ;
; N/A           ; None        ; -5.200 ns ; I_VME_DS0   ; R_ADDR[12] ; I_VME_SYSRESET ;
; N/A           ; None        ; -5.200 ns ; I_VME_DS0   ; R_ADDR[9]  ; I_VME_SYSRESET ;
; N/A           ; None        ; -5.300 ns ; I_VME_DS0   ; R_ADDR[7]  ; I_VME_SYSRESET ;
; N/A           ; None        ; -5.300 ns ; I_VME_DS0   ; R_ADDR[6]  ; I_VME_SYSRESET ;
; N/A           ; None        ; -5.300 ns ; I_VME_DS0   ; R_ADDR[8]  ; I_VME_SYSRESET ;
; N/A           ; None        ; -5.300 ns ; I_VME_DS0   ; R_ADDR[1]  ; I_VME_SYSRESET ;
; N/A           ; None        ; -5.300 ns ; I_VME_DS0   ; R_ADDR[3]  ; I_VME_SYSRESET ;
; N/A           ; None        ; -5.300 ns ; I_VME_DS0   ; R_ADDR[4]  ; I_VME_SYSRESET ;
; N/A           ; None        ; -5.400 ns ; I_VME_DS0   ; R_ADDR[2]  ; I_VME_SYSRESET ;
; N/A           ; None        ; -5.400 ns ; I_VME_DS0   ; R_ADDR[15] ; I_VME_SYSRESET ;
; N/A           ; None        ; -5.400 ns ; I_VME_DS0   ; R_ADDR[0]  ; I_VME_SYSRESET ;
; N/A           ; None        ; -5.400 ns ; I_VME_DS0   ; R_ADDR[5]  ; I_VME_SYSRESET ;
+---------------+-------------+-----------+-------------+------------+----------------+


+--------------------------+
; Timing Analyzer Messages ;
+--------------------------+
Info: *******************************************************************
Info: Running Quartus II Classic Timing Analyzer
    Info: Version 9.0 Build 235 06/17/2009 Service Pack 2 SJ Web Edition
    Info: Processing started: Wed Oct 28 10:23:06 2020
Info: Command: quartus_tan --read_settings_files=off --write_settings_files=off EA4163 -c EA4163
Info: Started post-fitting delay annotation
Info: Delay annotation completed successfully
Warning: Found pins functioning as undefined clocks and/or memory enables
    Info: Assuming node "I_CLK_32M" is an undefined clock
    Info: Assuming node "I_VME_SYSRESET" is an undefined clock
Info: No valid register-to-register data paths exist for clock "I_CLK_32M"
Info: No valid register-to-register data paths exist for clock "I_VME_SYSRESET"
Info: tsu for register "R_ADDR[2]" (data pin = "I_VME_DS0", clock pin = "I_VME_SYSRESET") is 6.800 ns
    Info: + Longest pin to register delay is 8.000 ns
        Info: 1: + IC(0.000 ns) + CELL(0.700 ns) = 0.700 ns; Loc. = PIN_36; Fanout = 1; PIN Node = 'I_VME_DS0'
        Info: 2: + IC(4.000 ns) + CELL(0.800 ns) = 5.500 ns; Loc. = LC1_N14; Fanout = 16; COMB Node = 'always0~2'
        Info: 3: + IC(1.900 ns) + CELL(0.600 ns) = 8.000 ns; Loc. = LC4_J24; Fanout = 3; REG Node = 'R_ADDR[2]'
        Info: Total cell delay = 2.100 ns ( 26.25 % )
        Info: Total interconnect delay = 5.900 ns ( 73.75 % )
    Info: + Micro setup delay of destination is 0.400 ns
    Info: - Shortest clock path from clock "I_VME_SYSRESET" to destination register is 1.600 ns
        Info: 1: + IC(0.000 ns) + CELL(0.800 ns) = 0.800 ns; Loc. = PIN_91; Fanout = 19; CLK Node = 'I_VME_SYSRESET'
        Info: 2: + IC(0.800 ns) + CELL(0.000 ns) = 1.600 ns; Loc. = LC4_J24; Fanout = 3; REG Node = 'R_ADDR[2]'
        Info: Total cell delay = 0.800 ns ( 50.00 % )
        Info: Total interconnect delay = 0.800 ns ( 50.00 % )
Info: tco from clock "I_CLK_32M" to destination pin "VME_D[15]" through register "vmectrl:vmectrl|DOUT[15]" is 7.900 ns
    Info: + Longest clock path from clock "I_CLK_32M" to source register is 1.600 ns
        Info: 1: + IC(0.000 ns) + CELL(0.800 ns) = 0.800 ns; Loc. = PIN_211; Fanout = 19; CLK Node = 'I_CLK_32M'
        Info: 2: + IC(0.800 ns) + CELL(0.000 ns) = 1.600 ns; Loc. = LC1_J24; Fanout = 1; REG Node = 'vmectrl:vmectrl|DOUT[15]'
        Info: Total cell delay = 0.800 ns ( 50.00 % )
        Info: Total interconnect delay = 0.800 ns ( 50.00 % )
    Info: + Micro clock to output delay of source is 0.500 ns
    Info: + Longest register to pin delay is 5.800 ns
        Info: 1: + IC(0.000 ns) + CELL(0.000 ns) = 0.000 ns; Loc. = LC1_J24; Fanout = 1; REG Node = 'vmectrl:vmectrl|DOUT[15]'
        Info: 2: + IC(2.400 ns) + CELL(3.400 ns) = 5.800 ns; Loc. = PIN_94; Fanout = 0; PIN Node = 'VME_D[15]'
        Info: Total cell delay = 3.400 ns ( 58.62 % )
        Info: Total interconnect delay = 2.400 ns ( 41.38 % )
Info: Longest tpd from source pin "I_VME_WR" to destination pin "VME_D[15]" is 11.200 ns
    Info: 1: + IC(0.000 ns) + CELL(0.800 ns) = 0.800 ns; Loc. = PIN_212; Fanout = 16; PIN Node = 'I_VME_WR'
    Info: 2: + IC(5.100 ns) + CELL(5.300 ns) = 11.200 ns; Loc. = PIN_94; Fanout = 0; PIN Node = 'VME_D[15]'
    Info: Total cell delay = 6.100 ns ( 54.46 % )
    Info: Total interconnect delay = 5.100 ns ( 45.54 % )
Info: th for register "R_ADDR[2]" (data pin = "I_VME_A[2]", clock pin = "I_VME_SYSRESET") is -0.800 ns
    Info: + Longest clock path from clock "I_VME_SYSRESET" to destination register is 1.600 ns
        Info: 1: + IC(0.000 ns) + CELL(0.800 ns) = 0.800 ns; Loc. = PIN_91; Fanout = 19; CLK Node = 'I_VME_SYSRESET'
        Info: 2: + IC(0.800 ns) + CELL(0.000 ns) = 1.600 ns; Loc. = LC4_J24; Fanout = 3; REG Node = 'R_ADDR[2]'
        Info: Total cell delay = 0.800 ns ( 50.00 % )
        Info: Total interconnect delay = 0.800 ns ( 50.00 % )
    Info: + Micro hold delay of destination is 1.000 ns
    Info: - Shortest pin to register delay is 3.400 ns
        Info: 1: + IC(0.000 ns) + CELL(0.800 ns) = 0.800 ns; Loc. = PIN_210; Fanout = 1; PIN Node = 'I_VME_A[2]'
        Info: 2: + IC(2.100 ns) + CELL(0.500 ns) = 3.400 ns; Loc. = LC4_J24; Fanout = 3; REG Node = 'R_ADDR[2]'
        Info: Total cell delay = 1.300 ns ( 38.24 % )
        Info: Total interconnect delay = 2.100 ns ( 61.76 % )
Info: Quartus II Classic Timing Analyzer was successful. 0 errors, 1 warning
    Info: Peak virtual memory: 208 megabytes
    Info: Processing ended: Wed Oct 28 10:23:07 2020
    Info: Elapsed time: 00:00:01
    Info: Total CPU time (on all processors): 00:00:01


